app/build/intermediates/manifest_merge_blame_file/debug/manifest-merger-blame-debug-report.txt
1<?xml version="1.0" encoding="utf-8"?>
2<manifest xmlns:android="http://schemas.android.com/apk/res/android"
3    package="com.company.howl.movingrestaurant"
4    android:versionCode="1"
5    android:versionName="1.0" >
6
7    <uses-sdk
8        android:minSdkVersion="15"
8-->src/main/AndroidManifest.xml
9        android:targetSdkVersion="27" />
9-->src/main/AndroidManifest.xml
10    <!-- 인터넷 퍼미션 설정값 -->
11    <uses-permission android:name="android.permission.INTERNET" />
11-->src/main/AndroidManifest.xml:5:5-67
11-->src/main/AndroidManifest.xml:5:22-64
12    <!-- 스토리지 접근 권한 -->
13    <uses-permission android:name="android.permission.READ_EXTERNAL_STORAGE" />
13-->src/main/AndroidManifest.xml:7:5-80
13-->src/main/AndroidManifest.xml:7:22-77
14    <uses-permission android:name="android.permission.ACCESS_NETWORK_STATE" />
14-->[com.google.firebase:firebase-analytics:12.0.0] AndroidManifest.xml:24:5-79
14-->[com.google.firebase:firebase-analytics:12.0.0] AndroidManifest.xml:24:22-76
15    <uses-permission android:name="android.permission.WAKE_LOCK" /> <!-- Required by older versions of Google Play services to create IID tokens -->
15-->[com.google.firebase:firebase-analytics:12.0.0] AndroidManifest.xml:25:5-68
15-->[com.google.firebase:firebase-analytics:12.0.0] AndroidManifest.xml:25:22-65
16    <uses-permission android:name="com.google.android.c2dm.permission.RECEIVE" />
16-->[com.google.firebase:firebase-iid:12.0.0] AndroidManifest.xml:26:5-82
16-->[com.google.firebase:firebase-iid:12.0.0] AndroidManifest.xml:26:22-79
17
18    <permission
18-->[com.google.firebase:firebase-iid:12.0.0] AndroidManifest.xml:28:5-30:47
19        android:name="com.company.howl.movingrestaurant.permission.C2D_MESSAGE"
19-->[com.google.firebase:firebase-iid:12.0.0] AndroidManifest.xml:29:9-63
20        android:protectionLevel="signature" />
20-->[com.google.firebase:firebase-iid:12.0.0] AndroidManifest.xml:30:9-44
21
22    <uses-permission android:name="com.company.howl.movingrestaurant.permission.C2D_MESSAGE" />
22-->[com.google.firebase:firebase-iid:12.0.0] AndroidManifest.xml:32:5-79
22-->[com.google.firebase:firebase-iid:12.0.0] AndroidManifest.xml:32:22-76
23    <uses-permission android:name="android.permission.WRITE_EXTERNAL_STORAGE" />
24    <uses-permission android:name="android.permission.READ_PHONE_STATE" />
25
26    <application
26-->src/main/AndroidManifest.xml:9:5-58:19
27        android:name="android.support.multidex.MultiDexApplication"
28        android:allowBackup="true"
28-->src/main/AndroidManifest.xml:10:9-35
29        android:debuggable="true"
30        android:icon="@mipmap/ic_launcher"
30-->src/main/AndroidManifest.xml:11:9-43
31        android:label="@string/app_name"
31-->src/main/AndroidManifest.xml:12:9-41
32        android:roundIcon="@mipmap/ic_launcher"
32-->src/main/AndroidManifest.xml:13:9-48
33        android:supportsRtl="true"
33-->src/main/AndroidManifest.xml:14:9-35
34        android:testOnly="true"
35        android:theme="@style/AppTheme"
35-->src/main/AndroidManifest.xml:15:9-40
36        android:usesCleartextTraffic="true" >
36-->src/main/AndroidManifest.xml:16:9-44
37        <activity android:name="com.company.howl.movingrestaurant.LoginActivity" >
37-->src/main/AndroidManifest.xml:17:9-23:20
37-->src/main/AndroidManifest.xml:17:19-81
38            <intent-filter>
38-->src/main/AndroidManifest.xml:18:13-22:29
39                <action android:name="android.intent.action.MAIN" />
39-->src/main/AndroidManifest.xml:19:17-69
39-->src/main/AndroidManifest.xml:19:25-66
40
41                <category android:name="android.intent.category.LAUNCHER" />
41-->src/main/AndroidManifest.xml:21:17-77
41-->src/main/AndroidManifest.xml:21:27-74
42            </intent-filter>
43        </activity>
44        <activity android:name="com.company.howl.movingrestaurant.MainActivity" />
44-->src/main/AndroidManifest.xml:24:9-83
44-->src/main/AndroidManifest.xml:24:19-80
45
46        <!-- 페이스북 로그인 웹뷰액티비티 설정값 -->
47        <meta-data
47-->src/main/AndroidManifest.xml:27:9-29:55
48            android:name="com.facebook.sdk.ApplicationId"
48-->src/main/AndroidManifest.xml:28:13-58
49            android:value="@string/facebook_app_id" />
49-->src/main/AndroidManifest.xml:29:13-52
50
51        <activity
51-->src/main/AndroidManifest.xml:31:9-34:48
52            android:name="com.facebook.FacebookActivity"
52-->src/main/AndroidManifest.xml:32:13-57
53            android:configChanges="keyboard|keyboardHidden|screenLayout|screenSize|orientation"
53-->src/main/AndroidManifest.xml:33:13-96
54            android:label="@string/app_name"
54-->src/main/AndroidManifest.xml:34:13-45
55            android:theme="@style/com_facebook_activity_theme" />
55-->[com.facebook.android:facebook-common:4.42.0] AndroidManifest.xml:32:13-63
56        <activity
56-->src/main/AndroidManifest.xml:35:9-46:20
57            android:name="com.facebook.CustomTabActivity"
57-->src/main/AndroidManifest.xml:36:13-58
58            android:exported="true" >
58-->src/main/AndroidManifest.xml:37:13-36
59            <intent-filter>
59-->src/main/AndroidManifest.xml:38:13-45:29
60                <action android:name="android.intent.action.VIEW" />
60-->src/main/AndroidManifest.xml:39:17-69
60-->src/main/AndroidManifest.xml:39:25-66
61
62                <category android:name="android.intent.category.DEFAULT" />
62-->src/main/AndroidManifest.xml:41:17-76
62-->src/main/AndroidManifest.xml:41:27-73
63                <category android:name="android.intent.category.BROWSABLE" />
63-->src/main/AndroidManifest.xml:42:17-78
63-->src/main/AndroidManifest.xml:42:27-75
64
65                <data android:scheme="@string/fb_login_protocol_scheme" />
65-->src/main/AndroidManifest.xml:44:17-75
65-->src/main/AndroidManifest.xml:44:23-72
66            </intent-filter>
67        </activity>
68        <activity android:name="com.company.howl.movingrestaurant.navigation.AddPhotoActivity" />
68-->src/main/AndroidManifest.xml:47:9-98
68-->src/main/AndroidManifest.xml:47:19-95
69        <activity android:name="com.company.howl.movingrestaurant.navigation.CommentActivity" />
69-->src/main/AndroidManifest.xml:48:9-106
69-->src/main/AndroidManifest.xml:48:19-94
70
71        <!-- 안드로이드 8.0이상 푸시 처리 추가 코드 -->
72        <meta-data
72-->src/main/AndroidManifest.xml:51:9-53:54
73            android:name="com.google.firebase.messaging.default_notification_icon"
73-->src/main/AndroidManifest.xml:52:13-83
74            android:resource="@drawable/push_icon" />
74-->src/main/AndroidManifest.xml:53:13-51
75        <meta-data
75-->src/main/AndroidManifest.xml:54:9-56:53
76            android:name="com.google.firebase.messaging.default_notification_color"
76-->src/main/AndroidManifest.xml:55:13-84
77            android:resource="@color/colorAccent" />
77-->src/main/AndroidManifest.xml:56:13-50
78
79        <activity android:name="com.facebook.CustomTabMainActivity" />
79-->[com.facebook.android:facebook-common:4.42.0] AndroidManifest.xml:33:9-71
79-->[com.facebook.android:facebook-common:4.42.0] AndroidManifest.xml:33:19-68
80        <activity
80-->[com.google.firebase:firebase-auth:12.0.0] AndroidManifest.xml:23:9-29:75
81            android:name="com.google.firebase.auth.internal.FederatedSignInActivity"
81-->[com.google.firebase:firebase-auth:12.0.0] AndroidManifest.xml:24:13-85
82            android:excludeFromRecents="true"
82-->[com.google.firebase:firebase-auth:12.0.0] AndroidManifest.xml:25:13-46
83            android:exported="true"
83-->[com.google.firebase:firebase-auth:12.0.0] AndroidManifest.xml:26:13-36
84            android:launchMode="singleInstance"
84-->[com.google.firebase:firebase-auth:12.0.0] AndroidManifest.xml:27:13-48
85            android:permission="com.google.firebase.auth.api.gms.permission.LAUNCH_FEDERATED_SIGN_IN"
85-->[com.google.firebase:firebase-auth:12.0.0] AndroidManifest.xml:28:13-102
86            android:theme="@android:style/Theme.Translucent.NoTitleBar" />
86-->[com.google.firebase:firebase-auth:12.0.0] AndroidManifest.xml:29:13-72
87        <activity
87-->[com.twitter.sdk.android:tweet-ui:3.1.1] AndroidManifest.xml:28:9-31:49
88            android:name="com.twitter.sdk.android.tweetui.PlayerActivity"
88-->[com.twitter.sdk.android:tweet-ui:3.1.1] AndroidManifest.xml:29:13-74
89            android:configChanges="keyboardHidden|orientation|screenSize"
89-->[com.twitter.sdk.android:tweet-ui:3.1.1] AndroidManifest.xml:30:13-74
90            android:theme="@style/MediaTheme" />
90-->[com.twitter.sdk.android:tweet-ui:3.1.1] AndroidManifest.xml:31:13-46
91        <activity
91-->[com.twitter.sdk.android:tweet-ui:3.1.1] AndroidManifest.xml:32:9-34:49
92            android:name="com.twitter.sdk.android.tweetui.GalleryActivity"
92-->[com.twitter.sdk.android:tweet-ui:3.1.1] AndroidManifest.xml:33:13-75
93            android:theme="@style/MediaTheme" />
93-->[com.twitter.sdk.android:tweet-ui:3.1.1] AndroidManifest.xml:34:13-46
94        <activity
94-->[com.google.android.gms:play-services-auth:12.0.0] AndroidManifest.xml:23:9-27:75
95            android:name="com.google.android.gms.auth.api.signin.internal.SignInHubActivity"
95-->[com.google.android.gms:play-services-auth:12.0.0] AndroidManifest.xml:24:13-93
96            android:excludeFromRecents="true"
96-->[com.google.android.gms:play-services-auth:12.0.0] AndroidManifest.xml:25:13-46
97            android:exported="false"
97-->[com.google.android.gms:play-services-auth:12.0.0] AndroidManifest.xml:26:13-37
98            android:theme="@android:style/Theme.Translucent.NoTitleBar" />
98-->[com.google.android.gms:play-services-auth:12.0.0] AndroidManifest.xml:27:13-72
99        <!--
100            Service handling Google Sign-In user revocation. For apps that do not integrate with
101            Google Sign-In, this service will never be started.
102        -->
103        <service
103-->[com.google.android.gms:play-services-auth:12.0.0] AndroidManifest.xml:33:9-36:110
104            android:name="com.google.android.gms.auth.api.signin.RevocationBoundService"
104-->[com.google.android.gms:play-services-auth:12.0.0] AndroidManifest.xml:34:13-89
105            android:exported="true"
105-->[com.google.android.gms:play-services-auth:12.0.0] AndroidManifest.xml:35:13-36
106            android:permission="com.google.android.gms.auth.api.signin.permission.REVOCATION_NOTIFICATION" />
106-->[com.google.android.gms:play-services-auth:12.0.0] AndroidManifest.xml:36:13-107
107        <!--
108             FirebaseMessagingService performs security checks at runtime,
109             no need for explicit permissions despite exported="true"
110        -->
111        <service
111-->[com.google.firebase:firebase-messaging:12.0.0] AndroidManifest.xml:28:9-34:19
112            android:name="com.google.firebase.messaging.FirebaseMessagingService"
112-->[com.google.firebase:firebase-messaging:12.0.0] AndroidManifest.xml:29:13-82
113            android:exported="true" >
113-->[com.google.firebase:firebase-messaging:12.0.0] AndroidManifest.xml:30:13-36
114            <intent-filter android:priority="-500" >
114-->[com.google.firebase:firebase-messaging:12.0.0] AndroidManifest.xml:31:13-33:29
114-->[com.google.firebase:firebase-messaging:12.0.0] AndroidManifest.xml:31:28-51
115                <action android:name="com.google.firebase.MESSAGING_EVENT" />
115-->[com.google.firebase:firebase-messaging:12.0.0] AndroidManifest.xml:32:17-78
115-->[com.google.firebase:firebase-messaging:12.0.0] AndroidManifest.xml:32:25-75
116            </intent-filter>
117        </service>
118
119        <activity
119-->[com.twitter.sdk.android:tweet-composer:3.1.1] AndroidManifest.xml:28:9-31:71
120            android:name="com.twitter.sdk.android.tweetcomposer.ComposerActivity"
120-->[com.twitter.sdk.android:tweet-composer:3.1.1] AndroidManifest.xml:29:13-82
121            android:exported="false"
121-->[com.twitter.sdk.android:tweet-composer:3.1.1] AndroidManifest.xml:30:13-37
122            android:windowSoftInputMode="adjustResize|stateVisible" />
122-->[com.twitter.sdk.android:tweet-composer:3.1.1] AndroidManifest.xml:31:13-68
123
124        <service
124-->[com.twitter.sdk.android:tweet-composer:3.1.1] AndroidManifest.xml:33:9-36:40
125            android:name="com.twitter.sdk.android.tweetcomposer.TweetUploadService"
125-->[com.twitter.sdk.android:tweet-composer:3.1.1] AndroidManifest.xml:34:13-84
126            android:enabled="true"
126-->[com.twitter.sdk.android:tweet-composer:3.1.1] AndroidManifest.xml:35:13-35
127            android:exported="false" />
127-->[com.twitter.sdk.android:tweet-composer:3.1.1] AndroidManifest.xml:36:13-37
128
129        <activity
129-->[com.twitter.sdk.android:twitter-core:3.1.1] AndroidManifest.xml:28:9-32:40
130            android:name="com.twitter.sdk.android.core.identity.OAuthActivity"
130-->[com.twitter.sdk.android:twitter-core:3.1.1] AndroidManifest.xml:29:13-79
131            android:configChanges="orientation|screenSize"
131-->[com.twitter.sdk.android:twitter-core:3.1.1] AndroidManifest.xml:30:13-59
132            android:excludeFromRecents="true"
132-->[com.twitter.sdk.android:twitter-core:3.1.1] AndroidManifest.xml:31:13-46
133            android:exported="false" />
133-->[com.twitter.sdk.android:twitter-core:3.1.1] AndroidManifest.xml:32:13-37
134        <activity
134-->[com.google.android.gms:play-services-base:12.0.0] AndroidManifest.xml:23:9-26:75
135            android:name="com.google.android.gms.common.api.GoogleApiActivity"
135-->[com.google.android.gms:play-services-base:12.0.0] AndroidManifest.xml:24:13-79
136            android:exported="false"
136-->[com.google.android.gms:play-services-base:12.0.0] AndroidManifest.xml:25:13-37
137            android:theme="@android:style/Theme.Translucent.NoTitleBar" />
137-->[com.google.android.gms:play-services-base:12.0.0] AndroidManifest.xml:26:13-72
138
139        <receiver
139-->[com.google.firebase:firebase-analytics:12.0.0] AndroidManifest.xml:28:9-32:20
140            android:name="com.google.android.gms.measurement.AppMeasurementReceiver"
140-->[com.google.firebase:firebase-analytics:12.0.0] AndroidManifest.xml:29:13-85
141            android:enabled="true"
141-->[com.google.firebase:firebase-analytics:12.0.0] AndroidManifest.xml:30:13-35
142            android:exported="false" >
142-->[com.google.firebase:firebase-analytics:12.0.0] AndroidManifest.xml:31:13-37
143        </receiver>
144        <receiver
144-->[com.google.firebase:firebase-analytics:12.0.0] AndroidManifest.xml:33:9-41:20
145            android:name="com.google.android.gms.measurement.AppMeasurementInstallReferrerReceiver"
145-->[com.google.firebase:firebase-analytics:12.0.0] AndroidManifest.xml:34:13-100
146            android:enabled="true"
146-->[com.google.firebase:firebase-analytics:12.0.0] AndroidManifest.xml:35:13-35
147            android:exported="true"
147-->[com.google.firebase:firebase-analytics:12.0.0] AndroidManifest.xml:36:13-36
148            android:permission="android.permission.INSTALL_PACKAGES" >
148-->[com.google.firebase:firebase-analytics:12.0.0] AndroidManifest.xml:37:13-69
149            <intent-filter>
149-->[com.google.firebase:firebase-analytics:12.0.0] AndroidManifest.xml:38:13-40:29
150                <action android:name="com.android.vending.INSTALL_REFERRER" />
150-->[com.google.firebase:firebase-analytics:12.0.0] AndroidManifest.xml:39:17-79
150-->[com.google.firebase:firebase-analytics:12.0.0] AndroidManifest.xml:39:25-76
151            </intent-filter>
152        </receiver>
153
154        <service
154-->[com.google.firebase:firebase-analytics:12.0.0] AndroidManifest.xml:43:9-46:40
155            android:name="com.google.android.gms.measurement.AppMeasurementService"
155-->[com.google.firebase:firebase-analytics:12.0.0] AndroidManifest.xml:44:13-84
156            android:enabled="true"
156-->[com.google.firebase:firebase-analytics:12.0.0] AndroidManifest.xml:45:13-35
157            android:exported="false" />
157-->[com.google.firebase:firebase-analytics:12.0.0] AndroidManifest.xml:46:13-37
158        <service
158-->[com.google.firebase:firebase-analytics:12.0.0] AndroidManifest.xml:47:9-51:72
159            android:name="com.google.android.gms.measurement.AppMeasurementJobService"
159-->[com.google.firebase:firebase-analytics:12.0.0] AndroidManifest.xml:48:13-87
160            android:enabled="true"
160-->[com.google.firebase:firebase-analytics:12.0.0] AndroidManifest.xml:49:13-35
161            android:exported="false"
161-->[com.google.firebase:firebase-analytics:12.0.0] AndroidManifest.xml:50:13-37
162            android:permission="android.permission.BIND_JOB_SERVICE" />
162-->[com.google.firebase:firebase-analytics:12.0.0] AndroidManifest.xml:51:13-69
163
164        <receiver
164-->[com.google.firebase:firebase-iid:12.0.0] AndroidManifest.xml:35:9-44:20
165            android:name="com.google.firebase.iid.FirebaseInstanceIdReceiver"
165-->[com.google.firebase:firebase-iid:12.0.0] AndroidManifest.xml:36:13-78
166            android:exported="true"
166-->[com.google.firebase:firebase-iid:12.0.0] AndroidManifest.xml:37:13-36
167            android:permission="com.google.android.c2dm.permission.SEND" >
167-->[com.google.firebase:firebase-iid:12.0.0] AndroidManifest.xml:38:13-73
168            <intent-filter>
168-->[com.google.firebase:firebase-iid:12.0.0] AndroidManifest.xml:39:13-43:29
169                <action android:name="com.google.android.c2dm.intent.RECEIVE" />
169-->[com.google.firebase:firebase-iid:12.0.0] AndroidManifest.xml:40:17-81
169-->[com.google.firebase:firebase-iid:12.0.0] AndroidManifest.xml:40:25-78
170
171                <category android:name="com.company.howl.movingrestaurant" />
171-->[com.google.firebase:firebase-iid:12.0.0] AndroidManifest.xml:42:17-61
171-->[com.google.firebase:firebase-iid:12.0.0] AndroidManifest.xml:42:27-58
172            </intent-filter>
173        </receiver>
174        <!--
175             FirebaseInstanceIdService performs security checks at runtime,
176             no need for explicit permissions despite exported="true"
177        -->
178        <service
178-->[com.google.firebase:firebase-iid:12.0.0] AndroidManifest.xml:50:9-56:19
179            android:name="com.google.firebase.iid.FirebaseInstanceIdService"
179-->[com.google.firebase:firebase-iid:12.0.0] AndroidManifest.xml:51:13-77
180            android:exported="true" >
180-->[com.google.firebase:firebase-iid:12.0.0] AndroidManifest.xml:52:13-36
181            <intent-filter android:priority="-500" >
181-->[com.google.firebase:firebase-iid:12.0.0] AndroidManifest.xml:53:13-55:29
181-->[com.google.firebase:firebase-iid:12.0.0] AndroidManifest.xml:53:28-51
182                <action android:name="com.google.firebase.INSTANCE_ID_EVENT" />
182-->[com.google.firebase:firebase-iid:12.0.0] AndroidManifest.xml:54:17-80
182-->[com.google.firebase:firebase-iid:12.0.0] AndroidManifest.xml:54:25-77
183            </intent-filter>
184        </service>
185
186        <provider
186-->[com.google.firebase:firebase-common:12.0.0] AndroidManifest.xml:8:9-12:39
187            android:name="com.google.firebase.provider.FirebaseInitProvider"
187-->[com.google.firebase:firebase-common:12.0.0] AndroidManifest.xml:9:13-77
188            android:authorities="com.company.howl.movingrestaurant.firebaseinitprovider"
188-->[com.google.firebase:firebase-common:12.0.0] AndroidManifest.xml:10:13-72
189            android:exported="false"
189-->[com.google.firebase:firebase-common:12.0.0] AndroidManifest.xml:11:13-37
190            android:initOrder="100" /> <!-- Include the AdActivity and InAppPurchaseActivity configChanges and themes. -->
190-->[com.google.firebase:firebase-common:12.0.0] AndroidManifest.xml:12:13-36
191        <activity
191-->[com.google.android.gms:play-services-ads-lite:12.0.0] AndroidManifest.xml:29:9-33:64
192            android:name="com.google.android.gms.ads.AdActivity"
192-->[com.google.android.gms:play-services-ads-lite:12.0.0] AndroidManifest.xml:30:13-65
193            android:configChanges="keyboard|keyboardHidden|orientation|screenLayout|uiMode|screenSize|smallestScreenSize"
193-->[com.google.android.gms:play-services-ads-lite:12.0.0] AndroidManifest.xml:31:13-122
194            android:exported="false"
194-->[com.google.android.gms:play-services-ads-lite:12.0.0] AndroidManifest.xml:32:13-37
195            android:theme="@android:style/Theme.Translucent" />
195-->[com.google.android.gms:play-services-ads-lite:12.0.0] AndroidManifest.xml:33:13-61
196
197        <meta-data
197-->[com.google.android.gms:play-services-basement:12.0.0] AndroidManifest.xml:23:9-25:69
198            android:name="com.google.android.gms.version"
198-->[com.google.android.gms:play-services-basement:12.0.0] AndroidManifest.xml:24:13-58
199            android:value="@integer/google_play_services_version" />
199-->[com.google.android.gms:play-services-basement:12.0.0] AndroidManifest.xml:25:13-66
200        <!--
201         The initialization ContentProvider will call FacebookSdk.sdkInitialize automatically
202         with the application context. This config is merged in with the host app's manifest,
203         but there can only be one provider with the same authority activated at any given
204         point; so if the end user has two or more different apps that use Facebook SDK, only the
205         first one will be able to use the provider. To work around this problem, we use the
206         following placeholder in the authority to identify each host application as if it was
207         a completely different provider.
208        -->
209        <provider
209-->[com.facebook.android:facebook-core:4.42.0] AndroidManifest.xml:39:9-42:40
210            android:name="com.facebook.internal.FacebookInitProvider"
210-->[com.facebook.android:facebook-core:4.42.0] AndroidManifest.xml:40:13-70
211            android:authorities="com.company.howl.movingrestaurant.FacebookInitProvider"
211-->[com.facebook.android:facebook-core:4.42.0] AndroidManifest.xml:41:13-72
212            android:exported="false" />
212-->[com.facebook.android:facebook-core:4.42.0] AndroidManifest.xml:42:13-37
213
214        <receiver
214-->[com.facebook.android:facebook-core:4.42.0] AndroidManifest.xml:44:9-50:20
215            android:name="com.facebook.CurrentAccessTokenExpirationBroadcastReceiver"
215-->[com.facebook.android:facebook-core:4.42.0] AndroidManifest.xml:45:13-86
216            android:exported="false" >
216-->[com.facebook.android:facebook-core:4.42.0] AndroidManifest.xml:46:13-37
217            <intent-filter>
217-->[com.facebook.android:facebook-core:4.42.0] AndroidManifest.xml:47:13-49:29
218                <action android:name="com.facebook.sdk.ACTION_CURRENT_ACCESS_TOKEN_CHANGED" />
218-->[com.facebook.android:facebook-core:4.42.0] AndroidManifest.xml:48:17-95
218-->[com.facebook.android:facebook-core:4.42.0] AndroidManifest.xml:48:25-92
219            </intent-filter>
220        </receiver>
221    </application>
222
223</manifest>